<?xml version="1.0" encoding="UTF-8"?>
<!-- Generated by org.testng.reporters.JUnitXMLReporter -->
<testsuite ignored="0" hostname="LTIN488147" failures="0" tests="4" name="Test" time="0.196" errors="0" timestamp="2024-03-28T11:34:36 IST">
  <testcase classname="testBase.baseClass" name="@BeforeClass setup" time="-1.71160587585E9">
    <failure type="org.testng.TestNGException" message="
Parameter &amp;apos;browser&amp;apos; is required by BeforeClass on method setup but has not been marked @Optional or defined
in C:\Users\2318333\eclipse-workspace\final_cas\masters.xml">
      <![CDATA[org.testng.TestNGException: 
Parameter 'browser' is required by BeforeClass on method setup but has not been marked @Optional or defined
in C:\Users\2318333\eclipse-workspace\final_cas\masters.xml
at java.base/java.util.ArrayList.forEach(ArrayList.java:1511)
... Removed 22 stack frames]]>
    </failure>
  </testcase> <!-- @BeforeClass setup -->
  <testcase classname="testBase.baseClass" name="@AfterClass close" time="0.0">
    <skipped/>
  </testcase> <!-- @AfterClass close -->
  <testcase classname="testBase.baseClass" name="@BeforeClass setup" time="-1.711605875936E9">
    <failure type="org.testng.TestNGException" message="
Parameter &amp;apos;browser&amp;apos; is required by BeforeClass on method setup but has not been marked @Optional or defined
in C:\Users\2318333\eclipse-workspace\final_cas\masters.xml">
      <![CDATA[org.testng.TestNGException: 
Parameter 'browser' is required by BeforeClass on method setup but has not been marked @Optional or defined
in C:\Users\2318333\eclipse-workspace\final_cas\masters.xml
at java.base/java.util.ArrayList.forEach(ArrayList.java:1511)
... Removed 22 stack frames]]>
    </failure>
  </testcase> <!-- @BeforeClass setup -->
  <testcase classname="testBase.baseClass" name="@AfterClass close" time="0.0">
    <skipped/>
  </testcase> <!-- @AfterClass close -->
  <testcase classname="testBase.baseClass" name="@BeforeClass setup" time="-1.711605875958E9">
    <failure type="org.testng.TestNGException" message="
Parameter &amp;apos;browser&amp;apos; is required by BeforeClass on method setup but has not been marked @Optional or defined
in C:\Users\2318333\eclipse-workspace\final_cas\masters.xml">
      <![CDATA[org.testng.TestNGException: 
Parameter 'browser' is required by BeforeClass on method setup but has not been marked @Optional or defined
in C:\Users\2318333\eclipse-workspace\final_cas\masters.xml
at java.base/java.util.ArrayList.forEach(ArrayList.java:1511)
... Removed 22 stack frames]]>
    </failure>
  </testcase> <!-- @BeforeClass setup -->
  <testcase classname="testBase.baseClass" name="@AfterClass close" time="0.0">
    <skipped/>
  </testcase> <!-- @AfterClass close -->
  <testcase classname="testBase.baseClass" name="@BeforeClass setup" time="-1.711605875973E9">
    <failure type="org.testng.TestNGException" message="
Parameter &amp;apos;browser&amp;apos; is required by BeforeClass on method setup but has not been marked @Optional or defined
in C:\Users\2318333\eclipse-workspace\final_cas\masters.xml">
      <![CDATA[org.testng.TestNGException: 
Parameter 'browser' is required by BeforeClass on method setup but has not been marked @Optional or defined
in C:\Users\2318333\eclipse-workspace\final_cas\masters.xml
at java.base/java.util.ArrayList.forEach(ArrayList.java:1511)
... Removed 22 stack frames]]>
    </failure>
  </testcase> <!-- @BeforeClass setup -->
  <testcase classname="testBase.baseClass" name="@AfterClass close" time="0.0">
    <skipped/>
  </testcase> <!-- @AfterClass close -->
  <testcase classname="testCases.TC_001_userInfo" name="testUser" time="0.001">
    <skipped/>
  </testcase> <!-- testUser -->
  <testcase classname="testCases.TC_002_newsAroundCTS" name="checkNewsToolTip" time="0.001">
    <skipped/>
  </testcase> <!-- checkNewsToolTip -->
  <testcase classname="testCases.TC_003_allNews" name="checkAllNews" time="0.0">
    <skipped/>
  </testcase> <!-- checkAllNews -->
  <testcase classname="testCases.TC_004_topFiveNews" name="lastTest" time="0.001">
    <skipped/>
  </testcase> <!-- lastTest -->
</testsuite> <!-- Test -->
